[demo_lsp]2024/06/19 11:30:59 main.go:17: Hey buddy, I started
[demo_lsp]2024/06/19 11:30:59 main.go:32: Message received: Content-Length: 3585

{"jsonrpc":"2.0","id":1,"method":"initialize","params":{"workspaceFolders":null,"processId":49958,"workDoneToken":"1","rootUri":null,"rootPath":null,"clientInfo":{"version":"0.10.0-dev","name":"Neovim"},"capabilities":{"general":{"positionEncodings":["utf-16"]},"textDocument":{"semanticTokens":{"tokenModifiers":["declaration","definition","readonly","static","deprecated","abstract","async","modification","documentation","defaultLibrary"],"tokenTypes":["namespace","type","class","enum","interface","struct","typeParameter","parameter","variable","property","enumMember","event","function","method","macro","keyword","modifier","comment","string","number","regexp","operator","decorator"],"augmentsSyntaxTokens":true,"serverCancelSupport":false,"multilineTokenSupport":false,"overlappingTokenSupport":true,"dynamicRegistration":false,"requests":{"range":false,"full":{"delta":true}},"formats":["relative"]},"completion":{"dynamicRegistration":false,"contextSupport":false,"completionList":{"itemDefaults":["editRange","insertTextFormat","insertTextMode","data"]},"completionItemKind":{"valueSet":[1,2,3,4,5,6,7,8,9,10,11,12,13,14,15,16,17,18,19,20,21,22,23,24,25]},"completionItem":{"deprecatedSupport":false,"commitCharactersSupport":false,"snippetSupport":false,"documentationFormat":["markdown","plaintext"],"preselectSupport":false}},"inlayHint":{"dynamicRegistration":true,"resolveSupport":{"properties":["textEdits","tooltip","location","command"]}},"hover":{"dynamicRegistration":true,"contentFormat":["markdown","plaintext"]},"publishDiagnostics":{"relatedInformation":true,"tagSupport":{"valueSet":[1,2]},"dataSupport":true},"synchronization":{"didSave":true,"willSave":true,"dynamicRegistration":false,"willSaveWaitUntil":true},"documentHighlight":{"dynamicRegistration":false},"formatting":{"dynamicRegistration":true},"references":{"dynamicRegistration":false},"signatureHelp":{"dynamicRegistration":false,"signatureInformation":{"parameterInformation":{"labelOffsetSupport":true},"documentationFormat":["markdown","plaintext"],"activeParameterSupport":true}},"callHierarchy":{"dynamicRegistration":false},"documentSymbol":{"hierarchicalDocumentSymbolSupport":true,"dynamicRegistration":false,"symbolKind":{"valueSet":[1,2,3,4,5,6,7,8,9,10,11,12,13,14,15,16,17,18,19,20,21,22,23,24,25,26]}},"rename":{"dynamicRegistration":true,"prepareSupport":true},"typeDefinition":{"linkSupport":true},"implementation":{"linkSupport":true},"definition":{"linkSupport":true,"dynamicRegistration":true},"declaration":{"linkSupport":true},"rangeFormatting":{"dynamicRegistration":true},"codeAction":{"isPreferredSupport":true,"resolveSupport":{"properties":["edit"]},"dynamicRegistration":true,"dataSupport":true,"codeActionLiteralSupport":{"codeActionKind":{"valueSet":["","quickfix","refactor","refactor.extract","refactor.inline","refactor.rewrite","source","source.organizeImports"]}}},"diagnostic":{"dynamicRegistration":false}},"window":{"workDoneProgress":true,"showMessage":{"messageActionItem":{"additionalPropertiesSupport":false}},"showDocument":{"support":true}},"workspace":{"symbol":{"dynamicRegistration":false,"symbolKind":{"valueSet":[1,2,3,4,5,6,7,8,9,10,11,12,13,14,15,16,17,18,19,20,21,22,23,24,25,26]}},"applyEdit":true,"workspaceFolders":true,"configuration":true,"inlayHint":{"refreshSupport":true},"didChangeWatchedFiles":{"dynamicRegistration":true,"relativePatternSupport":true},"didChangeConfiguration":{"dynamicRegistration":false},"workspaceEdit":{"resourceOperations":["rename","create","delete"]},"semanticTokens":{"refreshSupport":true}}},"trace":"off"}}
[demo_lsp]2024/06/19 11:30:59 main.go:48: Initialize Request by client: Neovim, version: 0.10.0-dev
[demo_lsp]2024/06/19 11:30:59 main.go:65: Response sent: Content-Length: 223

{"id":1,"jsonrpc":"2.0","result":{"serverInfo":{"name":"demo_lsp","version":"0.0.0.0"},"capabilities":{"textDocumentSync":1,"hoverProvider":true,"definitionProvider":true,"codeActionProvider":true,"completionProvider":{}}}}
[demo_lsp]2024/06/19 11:30:59 main.go:27: In the loop
[demo_lsp]2024/06/19 11:30:59 main.go:32: Message received: Content-Length: 52

{"jsonrpc":"2.0","method":"initialized","params":{}}
[demo_lsp]2024/06/19 11:30:59 main.go:27: In the loop
[demo_lsp]2024/06/19 11:30:59 main.go:32: Message received: Content-Length: 353

{"jsonrpc":"2.0","method":"textDocument\/didOpen","params":{"textDocument":{"uri":"file:\/\/\/Users\/michaelduren\/Code\/learning\/go-meetups\/presentation\/go-lecture-site\/README.md","version":0,"text":"# Implement a LSP with Go Lang Site (presentation)\n\nSite to present the simple implementation of a LSP with Go Lang.\n","languageId":"markdown"}}}
[demo_lsp]2024/06/19 11:30:59 main.go:55: textDocument/didOpen
[demo_lsp]2024/06/19 11:30:59 main.go:27: In the loop
[demo_lsp]2024/06/19 11:31:01 main.go:32: Message received: Content-Length: 354

{"jsonrpc":"2.0","method":"textDocument\/didChange","params":{"contentChanges":[{"text":"# Implement a LSP with Go Lang Site (presentation)\n\n\nSite to present the simple implementation of a LSP with Go Lang.\n"}],"textDocument":{"uri":"file:\/\/\/Users\/michaelduren\/Code\/learning\/go-meetups\/presentation\/go-lecture-site\/README.md","version":3}}}
[demo_lsp]2024/06/19 11:31:01 main.go:27: In the loop
[demo_lsp]2024/06/19 11:31:02 main.go:32: Message received: Content-Length: 352

{"jsonrpc":"2.0","method":"textDocument\/didChange","params":{"contentChanges":[{"text":"# Implement a LSP with Go Lang Site (presentation)\n\nSite to present the simple implementation of a LSP with Go Lang.\n"}],"textDocument":{"uri":"file:\/\/\/Users\/michaelduren\/Code\/learning\/go-meetups\/presentation\/go-lecture-site\/README.md","version":4}}}
[demo_lsp]2024/06/19 11:31:02 main.go:27: In the loop
[demo_lsp]2024/06/19 11:31:02 main.go:32: Message received: Content-Length: 187

{"jsonrpc":"2.0","method":"textDocument\/didSave","params":{"textDocument":{"uri":"file:\/\/\/Users\/michaelduren\/Code\/learning\/go-meetups\/presentation\/go-lecture-site\/README.md"}}}
[demo_lsp]2024/06/19 11:31:02 main.go:27: In the loop
[demo_lsp]2024/06/19 16:24:09 main.go:32: Message received: Content-Length: 188

{"jsonrpc":"2.0","method":"textDocument\/didClose","params":{"textDocument":{"uri":"file:\/\/\/Users\/michaelduren\/Code\/learning\/go-meetups\/presentation\/go-lecture-site\/README.md"}}}
[demo_lsp]2024/06/19 16:24:09 main.go:27: In the loop
